[21:47:39] 500 - 10.020548ms GET /product/v1/details/1098
[21:47:43] 302 - 2.459608ms GET /product/v1/details/1
[23:51:47] 400 - 87.373559ms POST /auth/register
[23:51:52] 201 - 89.518047ms POST /auth/register
[23:52:00] 404 - 91.731411ms POST /auth/login
[23:52:07] 201 - 84.929437ms POST /auth/login
[23:52:47] 404 - 79.544µs GET /cart/add-product
[23:52:51] 404 - 223.087µs POST /cart/add-product
[23:53:36] 404 - 83.102µs POST /cart/add-product
[23:53:37] 404 - 45.07µs POST /cart/add-product
[23:54:22] 404 - 59.182µs POST /cart/add-product
[23:57:31] 404 - 45.366µs POST /cart/add-product
[23:57:32] 404 - 53.186µs POST /cart/add-product
[21:04:22] 404 - 152.971364ms POST /auth/login
[21:04:34] 201 - 124.001348ms POST /auth/login
[22:00:27] 404 - 1.181453ms POST /auth/login
[22:02:01] 201 - 138.12449ms POST /auth/login
[22:09:03] 200 - 338.512µs GET /cart/add-product
[22:39:39] 200 - 470.842µs GET /cart/add-product
[22:40:43] 200 - 29.0292846s GET /cart/add-product
[22:41:23] 200 - 82.588µs GET /cart/add-product
[22:44:10] 201 - 100.22416ms POST /auth/login
[22:44:19] 200 - 379.879µs GET /cart/add-product
[22:49:37] 200 - 7.105776718s GET /cart/add-product
[23:13:14] 201 - 117.474862ms POST /auth/login
[23:47:07] 400 - 22.2799694s POST /cart/add-product
[23:47:35] 400 - 1m5.22674786s POST /cart/add-product
[22:25:26] 404 - 738.493µs POST /auth/login
[22:26:19] 201 - 135.223075ms POST /auth/login
[22:55:07] 400 - 354.219µs POST /cart/add-product
[23:09:26] 400 - 301.743µs POST /cart/add-product
[23:10:03] 400 - 335.561µs POST /cart/add-product
[23:10:24] 400 - 382.352µs POST /cart/add-product
[23:11:11] 400 - 585.159µs POST /cart/add-product
[23:11:24] 400 - 414.074µs POST /cart/add-product
[23:17:01] 400 - 500.53µs POST /cart/add-product
[23:22:11] 400 - 14.148506896s POST /cart/add-product
[23:22:31] 400 - 13.850586808s POST /cart/add-product
[23:24:16] 400 - 13.978434952s POST /cart/add-product
[23:25:01] 500 - 17.09742917s POST /cart/add-product
[21:44:40] 500 - 16.071003413s POST /cart/add-product
[21:45:26] 500 - 2.883944907s POST /cart/add-product
[21:45:41] 500 - 55.712160214s POST /cart/add-product
[21:46:43] 500 - 3m44.740139019s POST /cart/add-product
[21:50:35] 500 - 6.341451515s POST /cart/add-product
[21:51:05] 500 - 5.175272ms POST /cart/add-product
[21:51:07] 500 - 1.363682ms POST /cart/add-product
[21:51:24] 500 - 9.461782ms POST /cart/add-product
[22:26:07] 500 - 7.197683ms POST /cart/add-product
[23:32:08] 500 - 11.262582956s POST /cart/add-product
[23:35:56] 500 - 58.833865601s POST /cart/add-product
[23:37:26] 201 - 126.681977ms POST /auth/login
[23:37:38] 201 - 13.645198785s POST /cart/add-product
[23:38:12] 201 - 14.252765152s POST /cart/add-product
[00:12:44] 201 - 13.000823741s POST /cart/add-product
[23:46:58] 400 - 154.329µs POST /auth/register
[23:54:18] 400 - 235.929µs POST /auth/register
[23:54:39] 400 - 25.628147923s POST /auth/register
[23:55:05] 400 - 6.833889988s POST /auth/register
[23:55:39] 201 - 20.526292029s POST /auth/register
[23:58:31] 201 - 128.70921ms POST /auth/login
[00:02:18] 400 - 401.856µs POST /cart/add-product
[00:02:39] 400 - 13.221525001s POST /cart/add-product
[00:03:18] 201 - 9.943580493s POST /cart/add-product
[22:20:38] 201 - 31.510505ms POST /cart/add-product
[22:38:49] 201 - 468.455294ms POST /cart/add-product
[22:30:32] 201 - 471.391767ms POST /cart/add-product
[22:26:01] 500 - 55.022001389s POST /cart/add-product
[22:27:00] 201 - 1m12.690682451s POST /cart/add-product
[22:28:23] 201 - 18.309547259s POST /cart/add-product
[22:30:23] 201 - 485.514607ms POST /cart/add-product
[22:30:38] 201 - 498.542952ms POST /cart/add-product
[22:30:40] 201 - 514.57858ms POST /cart/add-product
[22:32:30] 201 - 480.902714ms POST /cart/add-product
[23:27:09] 201 - 52.993791893s POST /cart/add-product
[23:28:32] 201 - 7m32.357345936s POST /cart/add-product
[23:36:09] 201 - 10.405593717s POST /cart/add-product
[23:37:02] 201 - 21.83361005s POST /cart/add-product
[23:37:36] 201 - 1.739611981s POST /cart/add-product
[23:38:02] 201 - 10.384897258s POST /cart/add-product
[23:38:59] 201 - 9.588281329s POST /cart/add-product
[23:39:20] 201 - 7.206522318s POST /cart/add-product
[23:39:42] 500 - 5.575400548s POST /cart/add-product
[23:39:54] 500 - 1m21.54558989s POST /cart/add-product
[23:39:57] 500 - 2.654235011s POST /cart/add-product
[23:41:42] 500 - 5.240827509s POST /cart/add-product
[23:46:52] 500 - 8.331503229s POST /cart/add-product
[23:57:45] 500 - 1m1.66196663s POST /cart/remove-product
[00:05:01] 500 - 15.43592009s POST /cart/remove-product
[00:05:32] 202 - 26.167450921s POST /cart/remove-product
[00:06:06] 202 - 11.695836629s POST /cart/remove-product
[00:07:03] 202 - 15.477192678s POST /cart/remove-product
[00:07:45] 400 - 7.669285456s POST /cart/remove-product
[00:08:19] 202 - 51.053994428s POST /cart/remove-product
[00:10:06] 400 - 10.405558342s POST /cart/remove-product
[00:10:22] 400 - 35.643376549s POST /cart/remove-product
[00:11:08] 202 - 13.372906403s POST /cart/remove-product
[00:11:34] 500 - 1.468704053s POST /cart/add-product
